d:\vs projects\complete development\parabeninterviewquestion\parabeninterviewquestion\release\vc142.pdb
d:\vs projects\complete development\parabeninterviewquestion\parabeninterviewquestion\release\phonemessagesrecordparser.obj
d:\vs projects\complete development\parabeninterviewquestion\parabeninterviewquestion\release\parabeninterviewquestion.obj
d:\vs projects\complete development\forsending\parabeninterviewquestion\parabeninterviewquestion\release\vc142.pdb
d:\vs projects\complete development\forsending\parabeninterviewquestion\parabeninterviewquestion\release\phonemessagesrecordparser.obj
d:\vs projects\complete development\forsending\parabeninterviewquestion\parabeninterviewquestion\release\parabeninterviewquestion.obj
d:\vs projects\complete development\parabeninterviewquestion\release\parabeninterviewquestion.exe
d:\vs projects\complete development\parabeninterviewquestion\parabeninterviewquestion\release\parabeninterviewquestion.ipdb
d:\vs projects\complete development\parabeninterviewquestion\parabeninterviewquestion\release\parabeninterviewquestion.iobj
d:\vs projects\complete development\parabeninterviewquestion\release\parabeninterviewquestion.pdb
d:\vs projects\complete development\forsending\parabeninterviewquestion\release\parabeninterviewquestion.exe
d:\vs projects\complete development\forsending\parabeninterviewquestion\parabeninterviewquestion\release\parabeninterviewquestion.ipdb
d:\vs projects\complete development\forsending\parabeninterviewquestion\parabeninterviewquestion\release\parabeninterviewquestion.iobj
d:\vs projects\complete development\forsending\parabeninterviewquestion\release\parabeninterviewquestion.pdb
d:\vs projects\complete development\new version\parabeninterviewquestion\parabeninterviewquestion\release\parabeninterviewquestion.obj
d:\vs projects\complete development\new version\parabeninterviewquestion\parabeninterviewquestion\release\phonemessagesrecordparser.obj
d:\vs projects\complete development\new version\parabeninterviewquestion\parabeninterviewquestion\release\parabeninterviewquestion.ipdb
d:\vs projects\complete development\new version\parabeninterviewquestion\parabeninterviewquestion\release\parabeninterviewquestion.iobj
d:\vs projects\complete development\new version\parabeninterviewquestion\parabeninterviewquestion\release\vc142.pdb
d:\vs projects\complete development\new version\parabeninterviewquestion\release\parabeninterviewquestion.pdb
d:\vs projects\complete development\new version\parabeninterviewquestion\release\parabeninterviewquestion.exe
d:\vs projects\complete development\new version\parabeninterviewquestion\parabeninterviewquestion\release\parabeni.60ecb58e.tlog\cl.command.1.tlog
d:\vs projects\complete development\new version\parabeninterviewquestion\parabeninterviewquestion\release\parabeni.60ecb58e.tlog\cl.read.1.tlog
d:\vs projects\complete development\new version\parabeninterviewquestion\parabeninterviewquestion\release\parabeni.60ecb58e.tlog\cl.write.1.tlog
d:\vs projects\complete development\new version\parabeninterviewquestion\parabeninterviewquestion\release\parabeni.60ecb58e.tlog\link.command.1.tlog
d:\vs projects\complete development\new version\parabeninterviewquestion\parabeninterviewquestion\release\parabeni.60ecb58e.tlog\link.read.1.tlog
d:\vs projects\complete development\new version\parabeninterviewquestion\parabeninterviewquestion\release\parabeni.60ecb58e.tlog\link.write.1.tlog
